# JRE version: OpenJDK Runtime Environment (21.0.10) (build 21.0.10+-14961533-b1163.108)
# Java VM: OpenJDK 64-Bit Server VM (21.0.10+-14961533-b1163.108, mixed mode, tiered, compressed oops, compressed class ptrs, g1 gc, windows-amd64)
GC Precious Log:
 CardTable entry size: 512
 Card Set container configuration: InlinePtr #cards 5 size 8 Array Of Cards #cards 12 size 40 Howl #buckets 4 coarsen threshold 1843 Howl Bitmap #cards 512 size 80 coarsen threshold 460 Card regions per heap region 1 cards per card region 2048
 CPUs: 8 total, 8 available
 Memory: 16112M
 Large Page Support: Disabled
 NUMA Support: Disabled
 Compressed Oops: Enabled (32-bit)
 Heap Region Size: 1M
 Heap Min Capacity: 8M
 Heap Initial Capacity: 252M
 Heap Max Capacity: 2G
 Pre-touch: Disabled
 Parallel Workers: 8
 Concurrent Workers: 2
 Concurrent Refinement Workers: 8
 Periodic GC: Disabled
Heap:
 garbage-first heap   total 217088K, used 177114K [0x0000000080000000, 0x0000000100000000)
  region size 1024K, 44 young (45056K), 9 survivors (9216K)
 Metaspace       used 130594K, committed 132480K, reserved 1179648K
  class space    used 17137K, committed 18048K, reserved 1048576K
GC Heap History (20 events):
Event: 6.043 GC heap before
{Heap before GC invocations=22 (full 0):
 garbage-first heap   total 148480K, used 120871K [0x0000000080000000, 0x0000000100000000)
  region size 1024K, 40 young (40960K), 7 survivors (7168K)
 Metaspace       used 81550K, committed 83328K, reserved 1179648K
  class space    used 11543K, committed 12352K, reserved 1048576K
}
Event: 6.049 GC heap after
{Heap after GC invocations=23 (full 0):
 garbage-first heap   total 148480K, used 91065K [0x0000000080000000, 0x0000000100000000)
  region size 1024K, 2 young (2048K), 2 survivors (2048K)
 Metaspace       used 81550K, committed 83328K, reserved 1179648K
  class space    used 11543K, committed 12352K, reserved 1048576K
}
Event: 6.308 GC heap before
{Heap before GC invocations=23 (full 0):
 garbage-first heap   total 148480K, used 131001K [0x0000000080000000, 0x0000000100000000)
  region size 1024K, 41 young (41984K), 2 survivors (2048K)
 Metaspace       used 85483K, committed 87232K, reserved 1179648K
  class space    used 11988K, committed 12800K, reserved 1048576K
}
Event: 6.311 GC heap after
{Heap after GC invocations=24 (full 0):
 garbage-first heap   total 148480K, used 94564K [0x0000000080000000, 0x0000000100000000)
  region size 1024K, 5 young (5120K), 5 survivors (5120K)
 Metaspace       used 85483K, committed 87232K, reserved 1179648K
  class space    used 11988K, committed 12800K, reserved 1048576K
}
Event: 6.590 GC heap before
{Heap before GC invocations=24 (full 0):
 garbage-first heap   total 148480K, used 131428K [0x0000000080000000, 0x0000000100000000)
  region size 1024K, 42 young (43008K), 5 survivors (5120K)
 Metaspace       used 90475K, committed 92288K, reserved 1179648K
  class space    used 12454K, committed 13312K, reserved 1048576K
}
Event: 6.594 GC heap after
{Heap after GC invocations=25 (full 0):
 garbage-first heap   total 148480K, used 96045K [0x0000000080000000, 0x0000000100000000)
  region size 1024K, 2 young (2048K), 2 survivors (2048K)
 Metaspace       used 90475K, committed 92288K, reserved 1179648K
  class space    used 12454K, committed 13312K, reserved 1048576K
}
Event: 6.881 GC heap before
{Heap before GC invocations=26 (full 0):
 garbage-first heap   total 162816K, used 133933K [0x0000000080000000, 0x0000000100000000)
  region size 1024K, 39 young (39936K), 2 survivors (2048K)
 Metaspace       used 94936K, committed 96704K, reserved 1179648K
  class space    used 12947K, committed 13760K, reserved 1048576K
}
Event: 6.884 GC heap after
{Heap after GC invocations=27 (full 0):
 garbage-first heap   total 162816K, used 99468K [0x0000000080000000, 0x0000000100000000)
  region size 1024K, 5 young (5120K), 5 survivors (5120K)
 Metaspace       used 94936K, committed 96704K, reserved 1179648K
  class space    used 12947K, committed 13760K, reserved 1048576K
}
Event: 7.244 GC heap before
{Heap before GC invocations=27 (full 0):
 garbage-first heap   total 162816K, used 146572K [0x0000000080000000, 0x0000000100000000)
  region size 1024K, 51 young (52224K), 5 survivors (5120K)
 Metaspace       used 100469K, committed 102272K, reserved 1179648K
  class space    used 13613K, committed 14464K, reserved 1048576K
}
Event: 7.250 GC heap after
{Heap after GC invocations=28 (full 0):
 garbage-first heap   total 195584K, used 102353K [0x0000000080000000, 0x0000000100000000)
  region size 1024K, 7 young (7168K), 7 survivors (7168K)
 Metaspace       used 100469K, committed 102272K, reserved 1179648K
  class space    used 13613K, committed 14464K, reserved 1048576K
}
Event: 7.808 GC heap before
{Heap before GC invocations=28 (full 0):
 garbage-first heap   total 195584K, used 178129K [0x0000000080000000, 0x0000000100000000)
  region size 1024K, 80 young (81920K), 7 survivors (7168K)
 Metaspace       used 105973K, committed 107776K, reserved 1179648K
  class space    used 14186K, committed 15104K, reserved 1048576K
}
Event: 7.816 GC heap after
{Heap after GC invocations=29 (full 0):
 garbage-first heap   total 199680K, used 117551K [0x0000000080000000, 0x0000000100000000)
  region size 1024K, 10 young (10240K), 10 survivors (10240K)
 Metaspace       used 105973K, committed 107776K, reserved 1179648K
  class space    used 14186K, committed 15104K, reserved 1048576K
}
Event: 8.278 GC heap before
{Heap before GC invocations=29 (full 0):
 garbage-first heap   total 199680K, used 173871K [0x0000000080000000, 0x0000000100000000)
  region size 1024K, 66 young (67584K), 10 survivors (10240K)
 Metaspace       used 113120K, committed 115008K, reserved 1179648K
  class space    used 14896K, committed 15808K, reserved 1048576K
}
Event: 8.286 GC heap after
{Heap after GC invocations=30 (full 0):
 garbage-first heap   total 199680K, used 123230K [0x0000000080000000, 0x0000000100000000)
  region size 1024K, 5 young (5120K), 5 survivors (5120K)
 Metaspace       used 113120K, committed 115008K, reserved 1179648K
  class space    used 14896K, committed 15808K, reserved 1048576K
}
Event: 8.829 GC heap before
{Heap before GC invocations=30 (full 0):
 garbage-first heap   total 199680K, used 177502K [0x0000000080000000, 0x0000000100000000)
  region size 1024K, 58 young (59392K), 5 survivors (5120K)
 Metaspace       used 119382K, committed 121216K, reserved 1179648K
  class space    used 15682K, committed 16576K, reserved 1048576K
}
Event: 8.833 GC heap after
{Heap after GC invocations=31 (full 0):
 garbage-first heap   total 199680K, used 127683K [0x0000000080000000, 0x0000000100000000)
  region size 1024K, 8 young (8192K), 8 survivors (8192K)
 Metaspace       used 119382K, committed 121216K, reserved 1179648K
  class space    used 15682K, committed 16576K, reserved 1048576K
}
Event: 9.456 GC heap before
{Heap before GC invocations=32 (full 0):
 garbage-first heap   total 214016K, used 179907K [0x0000000080000000, 0x0000000100000000)
  region size 1024K, 59 young (60416K), 8 survivors (8192K)
 Metaspace       used 126391K, committed 128256K, reserved 1179648K
  class space    used 16562K, committed 17472K, reserved 1048576K
}
Event: 9.462 GC heap after
{Heap after GC invocations=33 (full 0):
 garbage-first heap   total 214016K, used 129547K [0x0000000080000000, 0x0000000100000000)
  region size 1024K, 6 young (6144K), 6 survivors (6144K)
 Metaspace       used 126391K, committed 128256K, reserved 1179648K
  class space    used 16562K, committed 17472K, reserved 1048576K
}
Event: 9.896 GC heap before
{Heap before GC invocations=33 (full 0):
 garbage-first heap   total 214016K, used 196107K [0x0000000080000000, 0x0000000100000000)
  region size 1024K, 71 young (72704K), 6 survivors (6144K)
 Metaspace       used 130327K, committed 132224K, reserved 1179648K
  class space    used 17122K, committed 18048K, reserved 1048576K
}
Event: 9.907 GC heap after
{Heap after GC invocations=34 (full 0):
 garbage-first heap   total 217088K, used 142298K [0x0000000080000000, 0x0000000100000000)
  region size 1024K, 9 young (9216K), 9 survivors (9216K)
 Metaspace       used 130327K, committed 132224K, reserved 1179648K
  class space    used 17122K, committed 18048K, reserved 1048576K
}

