# JRE version: OpenJDK Runtime Environment (21.0.10) (build 21.0.10+-14961533-b1163.108)
# Java VM: OpenJDK 64-Bit Server VM (21.0.10+-14961533-b1163.108, mixed mode, tiered, compressed oops, compressed class ptrs, g1 gc, windows-amd64)
GC Precious Log:
 CardTable entry size: 512
 Card Set container configuration: InlinePtr #cards 5 size 8 Array Of Cards #cards 12 size 40 Howl #buckets 4 coarsen threshold 1843 Howl Bitmap #cards 512 size 80 coarsen threshold 460 Card regions per heap region 1 cards per card region 2048
 CPUs: 8 total, 8 available
 Memory: 16112M
 Large Page Support: Disabled
 NUMA Support: Disabled
 Compressed Oops: Enabled (32-bit)
 Heap Region Size: 1M
 Heap Min Capacity: 8M
 Heap Initial Capacity: 252M
 Heap Max Capacity: 2G
 Pre-touch: Disabled
 Parallel Workers: 8
 Concurrent Workers: 2
 Concurrent Refinement Workers: 8
 Periodic GC: Disabled
Heap:
 garbage-first heap   total 176128K, used 127452K [0x0000000080000000, 0x0000000100000000)
  region size 1024K, 8 young (8192K), 3 survivors (3072K)
 Metaspace       used 113190K, committed 115008K, reserved 1179648K
  class space    used 14908K, committed 15808K, reserved 1048576K
GC Heap History (20 events):
Event: 7.133 GC heap before
{Heap before GC invocations=18 (full 0):
 garbage-first heap   total 119808K, used 110842K [0x0000000080000000, 0x0000000100000000)
  region size 1024K, 42 young (43008K), 4 survivors (4096K)
 Metaspace       used 76478K, committed 78272K, reserved 1179648K
  class space    used 11028K, committed 11840K, reserved 1048576K
}
Event: 7.138 GC heap after
{Heap after GC invocations=19 (full 0):
 garbage-first heap   total 122880K, used 79850K [0x0000000080000000, 0x0000000100000000)
  region size 1024K, 6 young (6144K), 6 survivors (6144K)
 Metaspace       used 76478K, committed 78272K, reserved 1179648K
  class space    used 11028K, committed 11840K, reserved 1048576K
}
Event: 7.247 GC heap before
{Heap before GC invocations=20 (full 0):
 garbage-first heap   total 133120K, used 110570K [0x0000000080000000, 0x0000000100000000)
  region size 1024K, 36 young (36864K), 6 survivors (6144K)
 Metaspace       used 76525K, committed 78272K, reserved 1179648K
  class space    used 11032K, committed 11840K, reserved 1048576K
}
Event: 7.257 GC heap after
{Heap after GC invocations=21 (full 0):
 garbage-first heap   total 159744K, used 89671K [0x0000000080000000, 0x0000000100000000)
  region size 1024K, 5 young (5120K), 5 survivors (5120K)
 Metaspace       used 76525K, committed 78272K, reserved 1179648K
  class space    used 11032K, committed 11840K, reserved 1048576K
}
Event: 7.699 GC heap before
{Heap before GC invocations=21 (full 0):
 garbage-first heap   total 159744K, used 130631K [0x0000000080000000, 0x0000000100000000)
  region size 1024K, 45 young (46080K), 5 survivors (5120K)
 Metaspace       used 82199K, committed 83968K, reserved 1179648K
  class space    used 11637K, committed 12480K, reserved 1048576K
}
Event: 7.702 GC heap after
{Heap after GC invocations=22 (full 0):
 garbage-first heap   total 159744K, used 91615K [0x0000000080000000, 0x0000000100000000)
  region size 1024K, 2 young (2048K), 2 survivors (2048K)
 Metaspace       used 82199K, committed 83968K, reserved 1179648K
  class space    used 11637K, committed 12480K, reserved 1048576K
}
Event: 8.031 GC heap before
{Heap before GC invocations=22 (full 0):
 garbage-first heap   total 159744K, used 134623K [0x0000000080000000, 0x0000000100000000)
  region size 1024K, 44 young (45056K), 2 survivors (2048K)
 Metaspace       used 86368K, committed 88192K, reserved 1179648K
  class space    used 12086K, committed 12928K, reserved 1048576K
}
Event: 8.034 GC heap after
{Heap after GC invocations=23 (full 0):
 garbage-first heap   total 159744K, used 95072K [0x0000000080000000, 0x0000000100000000)
  region size 1024K, 5 young (5120K), 5 survivors (5120K)
 Metaspace       used 86368K, committed 88192K, reserved 1179648K
  class space    used 12086K, committed 12928K, reserved 1048576K
}
Event: 8.411 GC heap before
{Heap before GC invocations=24 (full 0):
 garbage-first heap   total 159744K, used 137056K [0x0000000080000000, 0x0000000100000000)
  region size 1024K, 47 young (48128K), 5 survivors (5120K)
 Metaspace       used 92281K, committed 94080K, reserved 1179648K
  class space    used 12680K, committed 13504K, reserved 1048576K
}
Event: 8.415 GC heap after
{Heap after GC invocations=25 (full 0):
 garbage-first heap   total 159744K, used 97144K [0x0000000080000000, 0x0000000100000000)
  region size 1024K, 3 young (3072K), 3 survivors (3072K)
 Metaspace       used 92281K, committed 94080K, reserved 1179648K
  class space    used 12680K, committed 13504K, reserved 1048576K
}
Event: 8.734 GC heap before
{Heap before GC invocations=25 (full 0):
 garbage-first heap   total 159744K, used 139128K [0x0000000080000000, 0x0000000100000000)
  region size 1024K, 45 young (46080K), 3 survivors (3072K)
 Metaspace       used 96827K, committed 98560K, reserved 1179648K
  class space    used 13141K, committed 13952K, reserved 1048576K
}
Event: 8.739 GC heap after
{Heap after GC invocations=26 (full 0):
 garbage-first heap   total 159744K, used 100721K [0x0000000080000000, 0x0000000100000000)
  region size 1024K, 6 young (6144K), 6 survivors (6144K)
 Metaspace       used 96827K, committed 98560K, reserved 1179648K
  class space    used 13141K, committed 13952K, reserved 1048576K
}
Event: 9.099 GC heap before
{Heap before GC invocations=26 (full 0):
 garbage-first heap   total 159744K, used 142705K [0x0000000080000000, 0x0000000100000000)
  region size 1024K, 47 young (48128K), 6 survivors (6144K)
 Metaspace       used 102199K, committed 104064K, reserved 1179648K
  class space    used 13790K, committed 14656K, reserved 1048576K
}
Event: 9.103 GC heap after
{Heap after GC invocations=27 (full 0):
 garbage-first heap   total 159744K, used 104046K [0x0000000080000000, 0x0000000100000000)
  region size 1024K, 4 young (4096K), 4 survivors (4096K)
 Metaspace       used 102199K, committed 104064K, reserved 1179648K
  class space    used 13790K, committed 14656K, reserved 1048576K
}
Event: 9.324 GC heap before
{Heap before GC invocations=28 (full 0):
 garbage-first heap   total 176128K, used 145006K [0x0000000080000000, 0x0000000100000000)
  region size 1024K, 43 young (44032K), 4 survivors (4096K)
 Metaspace       used 103388K, committed 105216K, reserved 1179648K
  class space    used 13975K, committed 14848K, reserved 1048576K
}
Event: 9.331 GC heap after
{Heap after GC invocations=29 (full 0):
 garbage-first heap   total 176128K, used 116957K [0x0000000080000000, 0x0000000100000000)
  region size 1024K, 6 young (6144K), 6 survivors (6144K)
 Metaspace       used 103388K, committed 105216K, reserved 1179648K
  class space    used 13975K, committed 14848K, reserved 1048576K
}
Event: 9.814 GC heap before
{Heap before GC invocations=29 (full 0):
 garbage-first heap   total 176128K, used 153821K [0x0000000080000000, 0x0000000100000000)
  region size 1024K, 43 young (44032K), 6 survivors (6144K)
 Metaspace       used 107552K, committed 109376K, reserved 1179648K
  class space    used 14394K, committed 15296K, reserved 1048576K
}
Event: 9.819 GC heap after
{Heap after GC invocations=30 (full 0):
 garbage-first heap   total 176128K, used 120964K [0x0000000080000000, 0x0000000100000000)
  region size 1024K, 5 young (5120K), 5 survivors (5120K)
 Metaspace       used 107552K, committed 109376K, reserved 1179648K
  class space    used 14394K, committed 15296K, reserved 1048576K
}
Event: 10.296 GC heap before
{Heap before GC invocations=30 (full 0):
 garbage-first heap   total 176128K, used 156804K [0x0000000080000000, 0x0000000100000000)
  region size 1024K, 41 young (41984K), 5 survivors (5120K)
 Metaspace       used 112563K, committed 114368K, reserved 1179648K
  class space    used 14862K, committed 15744K, reserved 1048576K
}
Event: 10.300 GC heap after
{Heap after GC invocations=31 (full 0):
 garbage-first heap   total 176128K, used 123356K [0x0000000080000000, 0x0000000100000000)
  region size 1024K, 3 young (3072K), 3 survivors (3072K)
 Metaspace       used 112563K, committed 114368K, reserved 1179648K
  class space    used 14862K, committed 15744K, reserved 1048576K
}

